[INFO] 26-11-2024 15:00:45 [main] LogUtils - Loaded all properties file.
[INFO] 26-11-2024 15:00:48 [main] LogUtils - Driver in TestContext: ChromeDriver: chrome on windows (54913c922082c47059601f4d4ef23ac9)
[INFO] 26-11-2024 15:00:48 [main] LogUtils - Loaded all properties file.
[INFO] 26-11-2024 15:00:48 [main] LogUtils - Loaded all properties file.
[INFO] 26-11-2024 15:00:57 [main] LogUtils - Open URL: https://demo.safetrust.com/#/login
[INFO] 26-11-2024 15:00:57 [main] LogUtils - Check Element Exist: true --- By.xpath: //h4[@class='text-left login-title-text']
[INFO] 26-11-2024 15:00:58 [main] LogUtils - Get text: Log in to manage identities
[INFO] 26-11-2024 15:00:59 [main] LogUtils - Set text: mbiz.vincent@gmail.com on element By.xpath: //input[@id='login-username']
[INFO] 26-11-2024 15:01:01 [main] LogUtils - Click element By.xpath: //button[normalize-space()='Continue']
[INFO] 26-11-2024 15:01:02 [main] LogUtils - Set text: Dothevu270783! on element By.xpath: //input[@id='login-password']
[INFO] 26-11-2024 15:01:04 [main] LogUtils - Click element By.xpath: //button[@id='btn-login ']
[INFO] 26-11-2024 15:01:06 [main] LogUtils - Check Element Exist: true --- By.xpath: //p[contains(text(), 'Welcome to Safetrust')]
[INFO] 26-11-2024 15:01:07 [main] LogUtils - Loaded all properties file.
[INFO] 26-11-2024 15:01:09 [main] LogUtils - Driver in TestContext: ChromeDriver: chrome on windows (fff33feaced0d3468ce3e9c6b1795519)
[INFO] 26-11-2024 15:01:19 [main] LogUtils - Open URL: https://demo.safetrust.com/#/login
[INFO] 26-11-2024 15:01:19 [main] LogUtils - Check Element Exist: true --- By.xpath: //h4[@class='text-left login-title-text']
[INFO] 26-11-2024 15:01:20 [main] LogUtils - Get text: Log in to manage identities
[INFO] 26-11-2024 15:01:21 [main] LogUtils - Set text: mbiz.vincent22@gmail.com on element By.xpath: //input[@id='login-username']
[INFO] 26-11-2024 15:01:22 [main] LogUtils - Click element By.xpath: //button[normalize-space()='Continue']
[INFO] 26-11-2024 15:01:24 [main] LogUtils - Set text: Dothevu270783 on element By.xpath: //input[@id='login-password']
[INFO] 26-11-2024 15:01:26 [main] LogUtils - Click element By.xpath: //button[@id='btn-login ']
[INFO] 26-11-2024 15:01:27 [main] LogUtils - Check Element Exist: true --- By.xpath: //div[@role='alert']
[INFO] 26-11-2024 15:01:28 [main] LogUtils - Get text: x
S0001629E: The account could not be found or the password did not match. Please try again.
[INFO] 26-11-2024 15:01:28 [main] LogUtils - Loaded all properties file.
[INFO] 26-11-2024 15:01:30 [main] LogUtils - Driver in TestContext: ChromeDriver: chrome on windows (5c533f72302013e6b1ba2922e7f1e7c5)
[INFO] 26-11-2024 15:01:38 [main] LogUtils - Open URL: https://demo.safetrust.com/#/login
[INFO] 26-11-2024 15:01:38 [main] LogUtils - Check Element Exist: true --- By.xpath: //h4[@class='text-left login-title-text']
[INFO] 26-11-2024 15:01:39 [main] LogUtils - Get text: Log in to manage identities
[INFO] 26-11-2024 15:01:40 [main] LogUtils - Set text: mbiz.vincent11@gmail.com on element By.xpath: //input[@id='login-username']
[INFO] 26-11-2024 15:01:42 [main] LogUtils - Click element By.xpath: //button[normalize-space()='Continue']
[INFO] 26-11-2024 15:01:43 [main] LogUtils - Set text: Dothevu270783! on element By.xpath: //input[@id='login-password']
[INFO] 26-11-2024 15:01:45 [main] LogUtils - Click element By.xpath: //button[@id='btn-login ']
[INFO] 26-11-2024 15:01:46 [main] LogUtils - Check Element Exist: true --- By.xpath: //div[@role='alert']
[INFO] 26-11-2024 15:01:47 [main] LogUtils - Get text: x
S0001629E: The account could not be found or the password did not match. Please try again.
[INFO] 26-11-2024 15:01:47 [main] LogUtils - Loaded all properties file.
[INFO] 26-11-2024 15:01:49 [main] LogUtils - Driver in TestContext: ChromeDriver: chrome on windows (1a253b6573e078953dc8af7360869dbe)
[INFO] 26-11-2024 15:01:57 [main] LogUtils - Open URL: https://demo.safetrust.com/#/login
[INFO] 26-11-2024 15:01:57 [main] LogUtils - Check Element Exist: true --- By.xpath: //h4[@class='text-left login-title-text']
[INFO] 26-11-2024 15:01:59 [main] LogUtils - Get text: Log in to manage identities
[INFO] 26-11-2024 15:02:00 [main] LogUtils - Set text: mbiz.vincent1@gmail.com on element By.xpath: //input[@id='login-username']
[INFO] 26-11-2024 15:02:01 [main] LogUtils - Click element By.xpath: //button[normalize-space()='Continue']
[INFO] 26-11-2024 15:02:03 [main] LogUtils - Set text: lllllllllllllllllllllllllllllllllllllllllllllllllllllllllllllllllllllllllllllllllllllllllllllllllllllllllllllllllllllllllllll on element By.xpath: //input[@id='login-password']
[INFO] 26-11-2024 15:02:05 [main] LogUtils - Click element By.xpath: //button[@id='btn-login ']
[INFO] 26-11-2024 15:02:06 [main] LogUtils - Check Element Exist: true --- By.xpath: //div[@role='alert']
[INFO] 26-11-2024 15:02:07 [main] LogUtils - Get text: x
S0001629E: The account could not be found or the password did not match. Please try again.
[INFO] 26-11-2024 15:02:07 [main] LogUtils - Loaded all properties file.
[INFO] 26-11-2024 15:02:08 [main] LogUtils - Driver in TestContext: ChromeDriver: chrome on windows (04deb83252a1b21422734d7de62ada48)
[INFO] 26-11-2024 15:02:16 [main] LogUtils - Open URL: https://demo.safetrust.com/#/login
[INFO] 26-11-2024 15:02:17 [main] LogUtils - Check Element Exist: true --- By.xpath: //h4[@class='text-left login-title-text']
[INFO] 26-11-2024 15:02:18 [main] LogUtils - Get text: Log in to manage identities
[INFO] 26-11-2024 15:02:19 [main] LogUtils - Set text: mbiz.vincent1@gmail.com on element By.xpath: //input[@id='login-username']
[INFO] 26-11-2024 15:02:20 [main] LogUtils - Click element By.xpath: //button[normalize-space()='Continue']
[INFO] 26-11-2024 15:02:22 [main] LogUtils - Set text: NULL on element By.xpath: //input[@id='login-password']
[INFO] 26-11-2024 15:02:23 [main] LogUtils - Click element By.xpath: //button[@id='btn-login ']
[INFO] 26-11-2024 15:02:24 [main] LogUtils - Check Element Exist: true --- By.xpath: //div[@role='alert']
[INFO] 26-11-2024 15:02:26 [main] LogUtils - Get text: x
S0001629E: The account could not be found or the password did not match. Please try again.
[INFO] 26-11-2024 15:02:26 [main] LogUtils - Loaded all properties file.
[INFO] 26-11-2024 15:02:27 [main] LogUtils - Driver in TestContext: ChromeDriver: chrome on windows (07bbdfd6fdea30852f5f5255bfe17f8e)
[INFO] 26-11-2024 15:02:36 [main] LogUtils - Open URL: https://demo.safetrust.com/#/login
[INFO] 26-11-2024 15:02:36 [main] LogUtils - Check Element Exist: true --- By.xpath: //h4[@class='text-left login-title-text']
[INFO] 26-11-2024 15:02:37 [main] LogUtils - Get text: Log in to manage identities
[INFO] 26-11-2024 15:02:38 [main] LogUtils - Set text: mbiz.vincent1@gmail.com on element By.xpath: //input[@id='login-username']
[INFO] 26-11-2024 15:02:39 [main] LogUtils - Click element By.xpath: //button[normalize-space()='Continue']
[INFO] 26-11-2024 15:02:41 [main] LogUtils - Set text: " or ""=" on element By.xpath: //input[@id='login-password']
[INFO] 26-11-2024 15:02:43 [main] LogUtils - Click element By.xpath: //button[@id='btn-login ']
[INFO] 26-11-2024 15:02:44 [main] LogUtils - Check Element Exist: true --- By.xpath: //div[@role='alert']
[INFO] 26-11-2024 15:02:45 [main] LogUtils - Get text: x
S0001629E: The account could not be found or the password did not match. Please try again.
[INFO] 26-11-2024 15:02:45 [main] LogUtils - Loaded all properties file.
[INFO] 26-11-2024 15:02:47 [main] LogUtils - Driver in TestContext: ChromeDriver: chrome on windows (9b0e930e14a4a10348b187b2e64dfa02)
[INFO] 26-11-2024 15:02:56 [main] LogUtils - Open URL: https://demo.safetrust.com/#/login
[INFO] 26-11-2024 15:02:56 [main] LogUtils - Check Element Exist: true --- By.xpath: //h4[@class='text-left login-title-text']
[INFO] 26-11-2024 15:02:57 [main] LogUtils - Get text: Log in to manage identities
[INFO] 26-11-2024 15:02:58 [main] LogUtils - Set text: mbiz.vincent1@gmail.com on element By.xpath: //input[@id='login-username']
[INFO] 26-11-2024 15:03:00 [main] LogUtils - Click element By.xpath: //button[normalize-space()='Continue']
[INFO] 26-11-2024 15:03:01 [main] LogUtils - Set text: Dothevu270783!; DROP TABLE Suppliers on element By.xpath: //input[@id='login-password']
[INFO] 26-11-2024 15:03:03 [main] LogUtils - Click element By.xpath: //button[@id='btn-login ']
[INFO] 26-11-2024 15:03:04 [main] LogUtils - Check Element Exist: true --- By.xpath: //div[@role='alert']
[INFO] 26-11-2024 15:03:05 [main] LogUtils - Get text: x
S0001629E: The account could not be found or the password did not match. Please try again.
[INFO] 26-11-2024 15:03:06 [main] LogUtils - Loaded all properties file.
[INFO] 26-11-2024 15:03:07 [main] LogUtils - Driver in TestContext: ChromeDriver: chrome on windows (0be05057e5268b7997aac91e1360d40e)
[INFO] 26-11-2024 15:03:13 [main] LogUtils - Open URL: https://demo.safetrust.com/#/login
[INFO] 26-11-2024 15:03:13 [main] LogUtils - Check Element Exist: true --- By.xpath: //h4[@class='text-left login-title-text']
[INFO] 26-11-2024 15:03:14 [main] LogUtils - Get text: Log in to manage identities
[INFO] 26-11-2024 15:03:15 [main] LogUtils - Set text: rivev84988@merotx.com on element By.xpath: //input[@id='login-username']
[INFO] 26-11-2024 15:03:16 [main] LogUtils - Click element By.xpath: //button[normalize-space()='Continue']
[INFO] 26-11-2024 15:03:18 [main] LogUtils - Set text: Dothevu270783 on element By.xpath: //input[@id='login-password']
[INFO] 26-11-2024 15:03:20 [main] LogUtils - Click element By.xpath: //button[@id='btn-login ']
[INFO] 26-11-2024 15:03:22 [main] LogUtils - Get text: S0001675E: The account could not be found or password did not match. Please try again.
[INFO] 26-11-2024 15:03:26 [main] LogUtils - Click element By.xpath: //button[@id='btn-login ']
[INFO] 26-11-2024 15:03:28 [main] LogUtils - Get text: S0001651E: Login blocked
[INFO] 26-11-2024 15:03:33 [main] LogUtils - Click element By.xpath: //button[@id='btn-login ']
[INFO] 26-11-2024 15:03:34 [main] LogUtils - Check Element Exist: true --- By.xpath: //span[@data-notify='message']
[INFO] 26-11-2024 15:03:35 [main] LogUtils - Get text: S0001651E: Login blocked
[INFO] 26-11-2024 15:03:35 [main] LogUtils - Loaded all properties file.
[INFO] 26-11-2024 15:03:37 [main] LogUtils - Driver in TestContext: ChromeDriver: chrome on windows (8cdc7a8c8a1b4b6e6d6a99f281abf511)
[INFO] 26-11-2024 15:03:45 [main] LogUtils - Open URL: https://demo.safetrust.com/#/login
[INFO] 26-11-2024 15:03:45 [main] LogUtils - Check Element Exist: true --- By.xpath: //h4[@class='text-left login-title-text']
[INFO] 26-11-2024 15:03:46 [main] LogUtils - Get text: Log in to manage identities
[INFO] 26-11-2024 15:03:48 [main] LogUtils - Set text: mbiz.vincent@gmail.com on element By.xpath: //input[@id='login-username']
[INFO] 26-11-2024 15:03:49 [main] LogUtils - Click element By.xpath: //button[normalize-space()='Continue']
[INFO] 26-11-2024 15:03:51 [main] LogUtils - Click element By.xpath: //h4[normalize-space()='Forgotten password?']
[INFO] 26-11-2024 15:03:52 [main] LogUtils - Click element By.xpath: //button[@name='CONFIRM_OK']
[INFO] 26-11-2024 15:03:52 [main] LogUtils - Check Element Exist: true --- By.xpath: //span[@data-notify='message']
[INFO] 26-11-2024 15:03:54 [main] LogUtils - Get text: We received your Reset Password Request and just sent you a confirmation email.
[INFO] 26-11-2024 15:03:54 [main] LogUtils - Loaded all properties file.
[INFO] 26-11-2024 15:03:55 [main] LogUtils - Driver in TestContext: ChromeDriver: chrome on windows (1c45720019ab50282d63561051650b0a)
[INFO] 26-11-2024 15:04:04 [main] LogUtils - Open URL: https://demo.safetrust.com/#/login
[INFO] 26-11-2024 15:04:04 [main] LogUtils - Check Element Exist: true --- By.xpath: //h4[@class='text-left login-title-text']
[INFO] 26-11-2024 15:04:06 [main] LogUtils - Get text: Log in to manage identities
[INFO] 26-11-2024 15:04:07 [main] LogUtils - Set text: mbiz.vincent@gmail.com on element By.xpath: //input[@id='login-username']
[INFO] 26-11-2024 15:04:08 [main] LogUtils - Click element By.xpath: //button[normalize-space()='Continue']
[INFO] 26-11-2024 15:04:10 [main] LogUtils - Click element By.xpath: //h4[normalize-space()='Forgotten password?']
[INFO] 26-11-2024 15:04:11 [main] LogUtils - Click element By.xpath: //button[normalize-space()='Cancel']
[INFO] 26-11-2024 15:04:11 [main] LogUtils - Check Element Exist: true --- By.xpath: //div[@class='modal-dialog modal-lg']
[INFO] 26-11-2024 15:46:59 [main] LogUtils - Loaded all properties file.
[INFO] 26-11-2024 15:47:01 [main] LogUtils - Driver in TestContext: ChromeDriver: chrome on windows (3b0d1ca2abcdf53f812fa35a6706dd15)
[INFO] 26-11-2024 15:47:01 [main] LogUtils - Loaded all properties file.
[INFO] 26-11-2024 15:47:01 [main] LogUtils - Loaded all properties file.
[INFO] 26-11-2024 15:47:11 [main] LogUtils - Open URL: https://demo.safetrust.com/#/login
[INFO] 26-11-2024 15:47:11 [main] LogUtils - Check Element Exist: true --- By.xpath: //h4[@class='text-left login-title-text']
[INFO] 26-11-2024 15:47:12 [main] LogUtils - Get text: Log in to manage identities
[INFO] 26-11-2024 15:47:14 [main] LogUtils - Set text: mbiz.vincent@gmail.com on element By.xpath: //input[@id='login-username']
[INFO] 26-11-2024 15:47:15 [main] LogUtils - Click element By.xpath: //button[normalize-space()='Continue']
[INFO] 26-11-2024 15:47:17 [main] LogUtils - Set text: Dothevu270783! on element By.xpath: //input[@id='login-password']
[INFO] 26-11-2024 15:47:19 [main] LogUtils - Click element By.xpath: //button[@id='btn-login ']
[ERROR] 26-11-2024 15:47:40 [main] LogUtils - Timeout waiting for the element Visible. By.xpath: //p[contains(text(), 'Welcome to Safetrust')]
[INFO] 26-11-2024 15:47:41 [main] LogUtils - Loaded all properties file.
[INFO] 26-11-2024 15:47:42 [main] LogUtils - Driver in TestContext: ChromeDriver: chrome on windows (30721dde6fb863e7a4c6f3469ffbc101)
[INFO] 26-11-2024 15:47:50 [main] LogUtils - Open URL: https://demo.safetrust.com/#/login
[INFO] 26-11-2024 15:47:50 [main] LogUtils - Check Element Exist: true --- By.xpath: //h4[@class='text-left login-title-text']
[INFO] 26-11-2024 15:47:51 [main] LogUtils - Get text: Log in to manage identities
[INFO] 26-11-2024 15:47:53 [main] LogUtils - Set text: mbiz.vincent22@gmail.com on element By.xpath: //input[@id='login-username']
[INFO] 26-11-2024 15:47:54 [main] LogUtils - Click element By.xpath: //button[normalize-space()='Continue']
[INFO] 26-11-2024 15:47:56 [main] LogUtils - Set text: Dothevu270783 on element By.xpath: //input[@id='login-password']
[INFO] 26-11-2024 15:47:57 [main] LogUtils - Click element By.xpath: //button[@id='btn-login ']
[INFO] 26-11-2024 15:47:59 [main] LogUtils - Check Element Exist: true --- By.xpath: //div[@role='alert']
[INFO] 26-11-2024 15:48:00 [main] LogUtils - Get text: x
S0001629E: The account could not be found or the password did not match. Please try again.
[INFO] 26-11-2024 15:48:00 [main] LogUtils - Loaded all properties file.
[INFO] 26-11-2024 15:48:01 [main] LogUtils - Driver in TestContext: ChromeDriver: chrome on windows (e7280d10229bc94310914845aa0e9054)
[INFO] 26-11-2024 15:48:06 [main] LogUtils - Open URL: https://demo.safetrust.com/#/login
[INFO] 26-11-2024 15:48:06 [main] LogUtils - Check Element Exist: true --- By.xpath: //h4[@class='text-left login-title-text']
[INFO] 26-11-2024 15:48:07 [main] LogUtils - Get text: Log in to manage identities
[INFO] 26-11-2024 15:48:09 [main] LogUtils - Set text: mbiz.vincent11@gmail.com on element By.xpath: //input[@id='login-username']
[INFO] 26-11-2024 15:48:10 [main] LogUtils - Click element By.xpath: //button[normalize-space()='Continue']
[INFO] 26-11-2024 15:48:12 [main] LogUtils - Set text: Dothevu270783! on element By.xpath: //input[@id='login-password']
[INFO] 26-11-2024 15:48:14 [main] LogUtils - Click element By.xpath: //button[@id='btn-login ']
[INFO] 26-11-2024 15:48:16 [main] LogUtils - Check Element Exist: true --- By.xpath: //div[@role='alert']
[INFO] 26-11-2024 15:48:17 [main] LogUtils - Get text: x
S0001629E: The account could not be found or the password did not match. Please try again.
[INFO] 26-11-2024 15:48:17 [main] LogUtils - Loaded all properties file.
[INFO] 26-11-2024 15:48:18 [main] LogUtils - Driver in TestContext: ChromeDriver: chrome on windows (a37f9e9c64e3a5783dd274174de358eb)
[INFO] 26-11-2024 15:48:28 [main] LogUtils - Open URL: https://demo.safetrust.com/#/login
[INFO] 26-11-2024 15:48:28 [main] LogUtils - Check Element Exist: true --- By.xpath: //h4[@class='text-left login-title-text']
[INFO] 26-11-2024 15:48:29 [main] LogUtils - Get text: Log in to manage identities
[INFO] 26-11-2024 15:48:30 [main] LogUtils - Set text: mbiz.vincent1@gmail.com on element By.xpath: //input[@id='login-username']
[INFO] 26-11-2024 15:48:32 [main] LogUtils - Click element By.xpath: //button[normalize-space()='Continue']
[INFO] 26-11-2024 15:48:34 [main] LogUtils - Set text: lllllllllllllllllllllllllllllllllllllllllllllllllllllllllllllllllllllllllllllllllllllllllllllllllllllllllllllllllllllllllllll on element By.xpath: //input[@id='login-password']
[INFO] 26-11-2024 15:48:35 [main] LogUtils - Click element By.xpath: //button[@id='btn-login ']
[INFO] 26-11-2024 15:48:39 [main] LogUtils - Check Element Exist: true --- By.xpath: //div[@role='alert']
[INFO] 26-11-2024 15:48:40 [main] LogUtils - Get text: x
S0001629E: The account could not be found or the password did not match. Please try again.
[INFO] 26-11-2024 15:48:40 [main] LogUtils - Loaded all properties file.
[INFO] 26-11-2024 15:48:41 [main] LogUtils - Driver in TestContext: ChromeDriver: chrome on windows (32da55fd97a7695f63619bf1dc8b9fd9)
[INFO] 26-11-2024 15:48:50 [main] LogUtils - Open URL: https://demo.safetrust.com/#/login
[INFO] 26-11-2024 15:48:50 [main] LogUtils - Check Element Exist: true --- By.xpath: //h4[@class='text-left login-title-text']
[INFO] 26-11-2024 15:48:51 [main] LogUtils - Get text: Log in to manage identities
[INFO] 26-11-2024 15:48:52 [main] LogUtils - Set text: mbiz.vincent1@gmail.com on element By.xpath: //input[@id='login-username']
[INFO] 26-11-2024 15:48:53 [main] LogUtils - Click element By.xpath: //button[normalize-space()='Continue']
[INFO] 26-11-2024 15:48:55 [main] LogUtils - Set text: NULL on element By.xpath: //input[@id='login-password']
[INFO] 26-11-2024 15:48:57 [main] LogUtils - Click element By.xpath: //button[@id='btn-login ']
[INFO] 26-11-2024 15:49:07 [main] LogUtils - Check Element Exist: true --- By.xpath: //div[@role='alert']
[INFO] 26-11-2024 15:49:08 [main] LogUtils - Get text: x
S0001629E: The account could not be found or the password did not match. Please try again.
[INFO] 26-11-2024 15:49:08 [main] LogUtils - Loaded all properties file.
[INFO] 26-11-2024 15:49:09 [main] LogUtils - Driver in TestContext: ChromeDriver: chrome on windows (22af4a02a7e8da8be0081d992922a8b8)
[INFO] 26-11-2024 15:49:15 [main] LogUtils - Open URL: https://demo.safetrust.com/#/login
[INFO] 26-11-2024 15:49:15 [main] LogUtils - Check Element Exist: true --- By.xpath: //h4[@class='text-left login-title-text']
[INFO] 26-11-2024 15:49:16 [main] LogUtils - Get text: Log in to manage identities
[INFO] 26-11-2024 15:49:17 [main] LogUtils - Set text: mbiz.vincent1@gmail.com on element By.xpath: //input[@id='login-username']
[INFO] 26-11-2024 15:49:18 [main] LogUtils - Click element By.xpath: //button[normalize-space()='Continue']
[INFO] 26-11-2024 15:49:20 [main] LogUtils - Set text: " or ""=" on element By.xpath: //input[@id='login-password']
[INFO] 26-11-2024 15:49:22 [main] LogUtils - Click element By.xpath: //button[@id='btn-login ']
[INFO] 26-11-2024 15:49:25 [main] LogUtils - Check Element Exist: true --- By.xpath: //div[@role='alert']
[INFO] 26-11-2024 15:49:26 [main] LogUtils - Get text: x
S0001629E: The account could not be found or the password did not match. Please try again.
[INFO] 26-11-2024 15:49:26 [main] LogUtils - Loaded all properties file.
[INFO] 26-11-2024 15:49:27 [main] LogUtils - Driver in TestContext: ChromeDriver: chrome on windows (17b72e596a68ef6f43bfd87f895f3ec1)
[INFO] 26-11-2024 15:49:36 [main] LogUtils - Open URL: https://demo.safetrust.com/#/login
[INFO] 26-11-2024 15:49:36 [main] LogUtils - Check Element Exist: true --- By.xpath: //h4[@class='text-left login-title-text']
[INFO] 26-11-2024 15:49:37 [main] LogUtils - Get text: Log in to manage identities
[INFO] 26-11-2024 15:49:39 [main] LogUtils - Set text: mbiz.vincent1@gmail.com on element By.xpath: //input[@id='login-username']
[INFO] 26-11-2024 15:49:40 [main] LogUtils - Click element By.xpath: //button[normalize-space()='Continue']
[INFO] 26-11-2024 15:49:42 [main] LogUtils - Set text: Dothevu270783!; DROP TABLE Suppliers on element By.xpath: //input[@id='login-password']
[INFO] 26-11-2024 15:49:43 [main] LogUtils - Click element By.xpath: //button[@id='btn-login ']
[INFO] 26-11-2024 15:49:48 [main] LogUtils - Check Element Exist: true --- By.xpath: //div[@role='alert']
[INFO] 26-11-2024 15:49:49 [main] LogUtils - Get text: x
S0001629E: The account could not be found or the password did not match. Please try again.
[INFO] 26-11-2024 15:49:50 [main] LogUtils - Loaded all properties file.
[INFO] 26-11-2024 15:49:51 [main] LogUtils - Driver in TestContext: ChromeDriver: chrome on windows (f3d9eb914c91c0552d82e82cce6c30ac)
[INFO] 26-11-2024 15:49:54 [main] LogUtils - Open URL: https://demo.safetrust.com/#/login
[INFO] 26-11-2024 15:49:54 [main] LogUtils - Check Element Exist: true --- By.xpath: //h4[@class='text-left login-title-text']
[INFO] 26-11-2024 15:49:56 [main] LogUtils - Get text: Log in to manage identities
[INFO] 26-11-2024 15:49:57 [main] LogUtils - Set text: rivev84988@merotx.com on element By.xpath: //input[@id='login-username']
[INFO] 26-11-2024 15:49:58 [main] LogUtils - Click element By.xpath: //button[normalize-space()='Continue']
[INFO] 26-11-2024 15:50:00 [main] LogUtils - Set text: Dothevu270783 on element By.xpath: //input[@id='login-password']
[INFO] 26-11-2024 15:50:02 [main] LogUtils - Click element By.xpath: //button[@id='btn-login ']
[INFO] 26-11-2024 15:52:07 [main] LogUtils - Loaded all properties file.
[INFO] 26-11-2024 15:52:57 [main] LogUtils - Loaded all properties file.
[INFO] 26-11-2024 15:53:00 [main] LogUtils - Driver in TestContext: ChromeDriver: chrome on windows (9e1aee206817ecf3221d574c149371e5)
[INFO] 26-11-2024 15:53:00 [main] LogUtils - Loaded all properties file.
[INFO] 26-11-2024 15:53:00 [main] LogUtils - Loaded all properties file.
[INFO] 26-11-2024 15:53:04 [main] LogUtils - Open URL: https://demo.safetrust.com/#/login
[INFO] 26-11-2024 15:53:04 [main] LogUtils - Check Element Exist: true --- By.xpath: //h4[@class='text-left login-title-text']
[INFO] 26-11-2024 15:53:05 [main] LogUtils - Get text: Log in to manage identities
[INFO] 26-11-2024 15:53:06 [main] LogUtils - Set text: mbiz.vincent@gmail.com on element By.xpath: //input[@id='login-username']
[INFO] 26-11-2024 15:53:08 [main] LogUtils - Click element By.xpath: //button[normalize-space()='Continue']
[INFO] 26-11-2024 15:53:09 [main] LogUtils - Set text: Dothevu270783! on element By.xpath: //input[@id='login-password']
[INFO] 26-11-2024 15:53:11 [main] LogUtils - Click element By.xpath: //button[@id='btn-login ']
[ERROR] 26-11-2024 15:53:32 [main] LogUtils - Timeout waiting for the element Visible. By.xpath: //p[contains(text(), 'Welcome to Safetrust')]
[INFO] 26-11-2024 15:53:33 [main] LogUtils - Loaded all properties file.
[INFO] 26-11-2024 15:53:35 [main] LogUtils - Driver in TestContext: ChromeDriver: chrome on windows (50b6925ea4d9e52916d2414ca60a4bbb)
[INFO] 26-11-2024 15:53:43 [main] LogUtils - Open URL: https://demo.safetrust.com/#/login
[INFO] 26-11-2024 15:53:43 [main] LogUtils - Check Element Exist: true --- By.xpath: //h4[@class='text-left login-title-text']
[INFO] 26-11-2024 15:54:11 [main] LogUtils - Loaded all properties file.
[INFO] 26-11-2024 15:54:13 [main] LogUtils - Driver in TestContext: ChromeDriver: chrome on windows (6d1cda21ad7acc4dde17e00df79296bf)
[INFO] 26-11-2024 15:54:13 [main] LogUtils - Loaded all properties file.
[INFO] 26-11-2024 15:54:13 [main] LogUtils - Loaded all properties file.
[INFO] 26-11-2024 15:54:22 [main] LogUtils - Open URL: https://demo.safetrust.com/#/login
[INFO] 26-11-2024 15:54:22 [main] LogUtils - Check Element Exist: true --- By.xpath: //h4[@class='text-left login-title-text']
[INFO] 26-11-2024 15:54:23 [main] LogUtils - Get text: Log in to manage identities
[INFO] 26-11-2024 15:54:24 [main] LogUtils - Set text: mbiz.vincent@gmail.com on element By.xpath: //input[@id='login-username']
[INFO] 26-11-2024 15:54:26 [main] LogUtils - Click element By.xpath: //button[normalize-space()='Continue']
[INFO] 26-11-2024 15:54:27 [main] LogUtils - Set text: Dothevu270783! on element By.xpath: //input[@id='login-password']
[INFO] 26-11-2024 15:54:29 [main] LogUtils - Click element By.xpath: //button[@id='btn-login ']
[INFO] 26-11-2024 15:54:50 [main] LogUtils - Check Element Exist: true --- By.xpath: //p[contains(text(), 'Welcome to Safetrust')]
[INFO] 26-11-2024 15:54:50 [main] LogUtils - Loaded all properties file.
[INFO] 26-11-2024 15:54:52 [main] LogUtils - Driver in TestContext: ChromeDriver: chrome on windows (9e6bc4bae6ca52a46cf5612c466b2f8b)
[INFO] 26-11-2024 15:55:01 [main] LogUtils - Open URL: https://demo.safetrust.com/#/login
[INFO] 26-11-2024 15:55:01 [main] LogUtils - Check Element Exist: true --- By.xpath: //h4[@class='text-left login-title-text']
[INFO] 26-11-2024 15:55:03 [main] LogUtils - Get text: Log in to manage identities
[INFO] 26-11-2024 15:55:04 [main] LogUtils - Set text: mbiz.vincent22@gmail.com on element By.xpath: //input[@id='login-username']
[INFO] 26-11-2024 15:55:05 [main] LogUtils - Click element By.xpath: //button[normalize-space()='Continue']
[INFO] 26-11-2024 15:55:07 [main] LogUtils - Set text: Dothevu270783 on element By.xpath: //input[@id='login-password']
[INFO] 26-11-2024 15:55:09 [main] LogUtils - Click element By.xpath: //button[@id='btn-login ']
[INFO] 26-11-2024 15:55:11 [main] LogUtils - Check Element Exist: true --- By.xpath: //div[@role='alert']
[INFO] 26-11-2024 15:55:12 [main] LogUtils - Get text: x
S0001629E: The account could not be found or the password did not match. Please try again.
[INFO] 26-11-2024 15:55:13 [main] LogUtils - Loaded all properties file.
[INFO] 26-11-2024 15:55:14 [main] LogUtils - Driver in TestContext: ChromeDriver: chrome on windows (ce6a3c7378b8a96eb7d557a09d2d9e14)
[INFO] 26-11-2024 15:55:23 [main] LogUtils - Open URL: https://demo.safetrust.com/#/login
[INFO] 26-11-2024 15:55:23 [main] LogUtils - Check Element Exist: true --- By.xpath: //h4[@class='text-left login-title-text']
[INFO] 26-11-2024 15:55:24 [main] LogUtils - Get text: Log in to manage identities
[INFO] 26-11-2024 15:55:25 [main] LogUtils - Set text: mbiz.vincent11@gmail.com on element By.xpath: //input[@id='login-username']
[INFO] 26-11-2024 15:55:27 [main] LogUtils - Click element By.xpath: //button[normalize-space()='Continue']
[INFO] 26-11-2024 15:55:28 [main] LogUtils - Set text: Dothevu270783! on element By.xpath: //input[@id='login-password']
[INFO] 26-11-2024 15:55:30 [main] LogUtils - Click element By.xpath: //button[@id='btn-login ']
[INFO] 26-11-2024 15:55:34 [main] LogUtils - Check Element Exist: true --- By.xpath: //div[@role='alert']
[INFO] 26-11-2024 15:55:35 [main] LogUtils - Get text: x
S0001629E: The account could not be found or the password did not match. Please try again.
[INFO] 26-11-2024 15:55:35 [main] LogUtils - Loaded all properties file.
[INFO] 26-11-2024 15:55:36 [main] LogUtils - Driver in TestContext: ChromeDriver: chrome on windows (68918e97990257b475f2c03d8f59e960)
[INFO] 26-11-2024 15:55:45 [main] LogUtils - Open URL: https://demo.safetrust.com/#/login
[INFO] 26-11-2024 15:55:45 [main] LogUtils - Check Element Exist: true --- By.xpath: //h4[@class='text-left login-title-text']
[INFO] 26-11-2024 15:55:47 [main] LogUtils - Get text: Log in to manage identities
[INFO] 26-11-2024 15:55:48 [main] LogUtils - Set text: mbiz.vincent1@gmail.com on element By.xpath: //input[@id='login-username']
[INFO] 26-11-2024 15:55:49 [main] LogUtils - Click element By.xpath: //button[normalize-space()='Continue']
[INFO] 26-11-2024 15:55:51 [main] LogUtils - Set text: lllllllllllllllllllllllllllllllllllllllllllllllllllllllllllllllllllllllllllllllllllllllllllllllllllllllllllllllllllllllllllll on element By.xpath: //input[@id='login-password']
[INFO] 26-11-2024 15:55:53 [main] LogUtils - Click element By.xpath: //button[@id='btn-login ']
[INFO] 26-11-2024 15:55:54 [main] LogUtils - Check Element Exist: true --- By.xpath: //div[@role='alert']
[INFO] 26-11-2024 15:55:55 [main] LogUtils - Get text: x
S0001629E: The account could not be found or the password did not match. Please try again.
[INFO] 26-11-2024 15:55:55 [main] LogUtils - Loaded all properties file.
[INFO] 26-11-2024 15:55:56 [main] LogUtils - Driver in TestContext: ChromeDriver: chrome on windows (cb5ece179cc0c07f4a547fbd3de6a755)
[INFO] 26-11-2024 15:57:01 [main] LogUtils - Loaded all properties file.
[INFO] 26-11-2024 15:57:04 [main] LogUtils - Driver in TestContext: ChromeDriver: chrome on windows (c471b400d9d1380c7956301841a0ad54)
[INFO] 26-11-2024 15:57:04 [main] LogUtils - Loaded all properties file.
[INFO] 26-11-2024 15:57:04 [main] LogUtils - Loaded all properties file.
[INFO] 26-11-2024 15:57:13 [main] LogUtils - Open URL: https://demo.safetrust.com/#/login
[INFO] 26-11-2024 15:57:13 [main] LogUtils - Check Element Exist: true --- By.xpath: //h4[@class='text-left login-title-text']
[INFO] 26-11-2024 15:57:14 [main] LogUtils - Get text: Log in to manage identities
[INFO] 26-11-2024 15:57:16 [main] LogUtils - Set text: mbiz.vincent@gmail.com on element By.xpath: //input[@id='login-username']
[INFO] 26-11-2024 15:57:17 [main] LogUtils - Click element By.xpath: //button[normalize-space()='Continue']
[INFO] 26-11-2024 15:57:19 [main] LogUtils - Set text: Dothevu270783! on element By.xpath: //input[@id='login-password']
[INFO] 26-11-2024 15:57:20 [main] LogUtils - Click element By.xpath: //button[@id='btn-login ']
[INFO] 26-11-2024 15:57:23 [main] LogUtils - Check Element Exist: true --- By.xpath: //p[contains(text(), 'Welcome to Safetrust')]
[INFO] 26-11-2024 15:57:27 [main] LogUtils - Loaded all properties file.
[INFO] 26-11-2024 15:57:29 [main] LogUtils - Driver in TestContext: ChromeDriver: chrome on windows (8ec654871e40a52344512c71ba0d1d82)
[INFO] 26-11-2024 15:57:31 [main] LogUtils - Open URL: https://demo.safetrust.com/#/login
[INFO] 26-11-2024 15:57:33 [main] LogUtils - Check Element Exist: true --- By.xpath: //h4[@class='text-left login-title-text']
[INFO] 26-11-2024 15:57:34 [main] LogUtils - Get text: Log in to manage identities
[INFO] 26-11-2024 15:57:36 [main] LogUtils - Set text: mbiz.vincent22@gmail.com on element By.xpath: //input[@id='login-username']
[INFO] 26-11-2024 15:57:37 [main] LogUtils - Click element By.xpath: //button[normalize-space()='Continue']
[INFO] 26-11-2024 15:57:39 [main] LogUtils - Set text: Dothevu270783 on element By.xpath: //input[@id='login-password']
[INFO] 26-11-2024 15:57:40 [main] LogUtils - Click element By.xpath: //button[@id='btn-login ']
[INFO] 26-11-2024 15:57:42 [main] LogUtils - Check Element Exist: true --- By.xpath: //div[@role='alert']
[INFO] 26-11-2024 15:57:43 [main] LogUtils - Get text: x
S0001629E: The account could not be found or the password did not match. Please try again.
[INFO] 26-11-2024 15:57:46 [main] LogUtils - Loaded all properties file.
[INFO] 26-11-2024 15:57:48 [main] LogUtils - Driver in TestContext: ChromeDriver: chrome on windows (bf58b179367a11007ac07d9bab524882)
[INFO] 26-11-2024 15:57:52 [main] LogUtils - Open URL: https://demo.safetrust.com/#/login
[INFO] 26-11-2024 15:57:52 [main] LogUtils - Check Element Exist: true --- By.xpath: //h4[@class='text-left login-title-text']
[INFO] 26-11-2024 15:57:53 [main] LogUtils - Get text: Log in to manage identities
[INFO] 26-11-2024 15:57:54 [main] LogUtils - Set text: mbiz.vincent11@gmail.com on element By.xpath: //input[@id='login-username']
[INFO] 26-11-2024 15:57:55 [main] LogUtils - Click element By.xpath: //button[normalize-space()='Continue']
[INFO] 26-11-2024 15:57:57 [main] LogUtils - Set text: Dothevu270783! on element By.xpath: //input[@id='login-password']
[INFO] 26-11-2024 15:57:59 [main] LogUtils - Click element By.xpath: //button[@id='btn-login ']
[INFO] 26-11-2024 15:58:00 [main] LogUtils - Check Element Exist: true --- By.xpath: //div[@role='alert']
[INFO] 26-11-2024 15:58:01 [main] LogUtils - Get text: x
S0001629E: The account could not be found or the password did not match. Please try again.
[INFO] 26-11-2024 15:58:05 [main] LogUtils - Loaded all properties file.
[INFO] 26-11-2024 15:58:06 [main] LogUtils - Driver in TestContext: ChromeDriver: chrome on windows (b16f4b7bce56309512e4d8c43e2acf2e)
[INFO] 26-11-2024 15:58:11 [main] LogUtils - Open URL: https://demo.safetrust.com/#/login
[INFO] 26-11-2024 15:58:11 [main] LogUtils - Check Element Exist: true --- By.xpath: //h4[@class='text-left login-title-text']
[INFO] 26-11-2024 15:58:12 [main] LogUtils - Get text: Log in to manage identities
[INFO] 26-11-2024 15:58:14 [main] LogUtils - Set text: mbiz.vincent1@gmail.com on element By.xpath: //input[@id='login-username']
[INFO] 26-11-2024 15:58:15 [main] LogUtils - Click element By.xpath: //button[normalize-space()='Continue']
[INFO] 26-11-2024 15:58:17 [main] LogUtils - Set text: lllllllllllllllllllllllllllllllllllllllllllllllllllllllllllllllllllllllllllllllllllllllllllllllllllllllllllllllllllllllllllll on element By.xpath: //input[@id='login-password']
[INFO] 26-11-2024 15:58:19 [main] LogUtils - Click element By.xpath: //button[@id='btn-login ']
[INFO] 26-11-2024 15:58:20 [main] LogUtils - Check Element Exist: true --- By.xpath: //div[@role='alert']
[INFO] 26-11-2024 15:58:21 [main] LogUtils - Get text: x
S0001629E: The account could not be found or the password did not match. Please try again.
[INFO] 26-11-2024 15:58:24 [main] LogUtils - Loaded all properties file.
[INFO] 26-11-2024 15:58:26 [main] LogUtils - Driver in TestContext: ChromeDriver: chrome on windows (36e66f9c5cd8baf36d937d9c00d3cc80)
[INFO] 26-11-2024 15:58:31 [main] LogUtils - Open URL: https://demo.safetrust.com/#/login
[INFO] 26-11-2024 15:58:31 [main] LogUtils - Check Element Exist: true --- By.xpath: //h4[@class='text-left login-title-text']
[INFO] 26-11-2024 15:58:32 [main] LogUtils - Get text: Log in to manage identities
[INFO] 26-11-2024 15:58:34 [main] LogUtils - Set text: mbiz.vincent1@gmail.com on element By.xpath: //input[@id='login-username']
[INFO] 26-11-2024 15:58:35 [main] LogUtils - Click element By.xpath: //button[normalize-space()='Continue']
[INFO] 26-11-2024 15:58:36 [main] LogUtils - Set text: NULL on element By.xpath: //input[@id='login-password']
[INFO] 26-11-2024 15:58:38 [main] LogUtils - Click element By.xpath: //button[@id='btn-login ']
[INFO] 26-11-2024 15:58:39 [main] LogUtils - Check Element Exist: true --- By.xpath: //div[@role='alert']
[INFO] 26-11-2024 15:58:40 [main] LogUtils - Get text: x
S0001629E: The account could not be found or the password did not match. Please try again.
[INFO] 26-11-2024 15:58:44 [main] LogUtils - Loaded all properties file.
[INFO] 26-11-2024 15:58:45 [main] LogUtils - Driver in TestContext: ChromeDriver: chrome on windows (d6d5c80ddc51b2d6c80b8fadd2209e60)
[INFO] 26-11-2024 15:58:54 [main] LogUtils - Open URL: https://demo.safetrust.com/#/login
[INFO] 26-11-2024 15:58:54 [main] LogUtils - Check Element Exist: true --- By.xpath: //h4[@class='text-left login-title-text']
[INFO] 26-11-2024 15:58:56 [main] LogUtils - Get text: Log in to manage identities
[INFO] 26-11-2024 15:58:57 [main] LogUtils - Set text: mbiz.vincent1@gmail.com on element By.xpath: //input[@id='login-username']
[INFO] 26-11-2024 15:58:58 [main] LogUtils - Click element By.xpath: //button[normalize-space()='Continue']
[INFO] 26-11-2024 15:59:00 [main] LogUtils - Set text: " or ""=" on element By.xpath: //input[@id='login-password']
[INFO] 26-11-2024 15:59:01 [main] LogUtils - Click element By.xpath: //button[@id='btn-login ']
[INFO] 26-11-2024 15:59:03 [main] LogUtils - Check Element Exist: true --- By.xpath: //div[@role='alert']
[INFO] 26-11-2024 15:59:04 [main] LogUtils - Get text: x
S0001629E: The account could not be found or the password did not match. Please try again.
[INFO] 26-11-2024 15:59:07 [main] LogUtils - Loaded all properties file.
[INFO] 26-11-2024 15:59:09 [main] LogUtils - Driver in TestContext: ChromeDriver: chrome on windows (d8d9b384644b7e690696f6c725dd54e1)
[INFO] 26-11-2024 15:59:17 [main] LogUtils - Open URL: https://demo.safetrust.com/#/login
[INFO] 26-11-2024 15:59:17 [main] LogUtils - Check Element Exist: true --- By.xpath: //h4[@class='text-left login-title-text']
[INFO] 26-11-2024 15:59:19 [main] LogUtils - Get text: Log in to manage identities
[INFO] 26-11-2024 15:59:20 [main] LogUtils - Set text: mbiz.vincent1@gmail.com on element By.xpath: //input[@id='login-username']
[INFO] 26-11-2024 15:59:21 [main] LogUtils - Click element By.xpath: //button[normalize-space()='Continue']
[INFO] 26-11-2024 15:59:23 [main] LogUtils - Set text: Dothevu270783!; DROP TABLE Suppliers on element By.xpath: //input[@id='login-password']
[INFO] 26-11-2024 15:59:25 [main] LogUtils - Click element By.xpath: //button[@id='btn-login ']
[INFO] 26-11-2024 15:59:26 [main] LogUtils - Check Element Exist: true --- By.xpath: //div[@role='alert']
[INFO] 26-11-2024 15:59:27 [main] LogUtils - Get text: x
S0001629E: The account could not be found or the password did not match. Please try again.
[INFO] 26-11-2024 15:59:30 [main] LogUtils - Loaded all properties file.
[INFO] 26-11-2024 15:59:32 [main] LogUtils - Driver in TestContext: ChromeDriver: chrome on windows (a6879d2d99f1264d6d561fdf445c8807)
[INFO] 26-11-2024 15:59:40 [main] LogUtils - Open URL: https://demo.safetrust.com/#/login
[INFO] 26-11-2024 15:59:40 [main] LogUtils - Check Element Exist: true --- By.xpath: //h4[@class='text-left login-title-text']
[INFO] 26-11-2024 15:59:41 [main] LogUtils - Get text: Log in to manage identities
[INFO] 26-11-2024 15:59:42 [main] LogUtils - Set text: rivev84988@merotx.com on element By.xpath: //input[@id='login-username']
[INFO] 26-11-2024 15:59:43 [main] LogUtils - Click element By.xpath: //button[normalize-space()='Continue']
[INFO] 26-11-2024 15:59:45 [main] LogUtils - Set text: Dothevu270783 on element By.xpath: //input[@id='login-password']
[INFO] 26-11-2024 15:59:47 [main] LogUtils - Click element By.xpath: //button[@id='btn-login ']
[INFO] 26-11-2024 15:59:53 [main] LogUtils - Get text: S0001651E: Login blocked
[INFO] 26-11-2024 15:59:57 [main] LogUtils - Click element By.xpath: //button[@id='btn-login ']
[INFO] 26-11-2024 16:00:02 [main] LogUtils - Check Element Exist: true --- By.xpath: //span[@data-notify='message']
[INFO] 26-11-2024 16:00:03 [main] LogUtils - Get text: S0001651E: Login blocked
[INFO] 26-11-2024 16:00:06 [main] LogUtils - Loaded all properties file.
[INFO] 26-11-2024 16:00:08 [main] LogUtils - Driver in TestContext: ChromeDriver: chrome on windows (9ec55daf08ea34a2523fcbabf6c67ef9)
[INFO] 26-11-2024 16:00:17 [main] LogUtils - Open URL: https://demo.safetrust.com/#/login
[INFO] 26-11-2024 16:00:17 [main] LogUtils - Check Element Exist: true --- By.xpath: //h4[@class='text-left login-title-text']
[INFO] 26-11-2024 16:00:18 [main] LogUtils - Get text: Log in to manage identities
[INFO] 26-11-2024 16:00:19 [main] LogUtils - Set text: mbiz.vincent@gmail.com on element By.xpath: //input[@id='login-username']
[INFO] 26-11-2024 16:00:20 [main] LogUtils - Click element By.xpath: //button[normalize-space()='Continue']
[INFO] 26-11-2024 16:00:22 [main] LogUtils - Click element By.xpath: //h4[normalize-space()='Forgotten password?']
[INFO] 26-11-2024 16:00:23 [main] LogUtils - Click element By.xpath: //button[@name='CONFIRM_OK']
[INFO] 26-11-2024 16:00:24 [main] LogUtils - Check Element Exist: true --- By.xpath: //span[@data-notify='message']
[INFO] 26-11-2024 16:00:25 [main] LogUtils - Get text: We received your Reset Password Request and just sent you a confirmation email.
[INFO] 26-11-2024 16:00:28 [main] LogUtils - Loaded all properties file.
[INFO] 26-11-2024 16:00:29 [main] LogUtils - Driver in TestContext: ChromeDriver: chrome on windows (ee59c5e5ee31d94c4a3ac7735fcf7b40)
[INFO] 26-11-2024 16:00:39 [main] LogUtils - Open URL: https://demo.safetrust.com/#/login
[INFO] 26-11-2024 16:00:39 [main] LogUtils - Check Element Exist: true --- By.xpath: //h4[@class='text-left login-title-text']
[INFO] 26-11-2024 16:00:40 [main] LogUtils - Get text: Log in to manage identities
[INFO] 26-11-2024 16:00:41 [main] LogUtils - Set text: mbiz.vincent@gmail.com on element By.xpath: //input[@id='login-username']
[INFO] 26-11-2024 16:00:43 [main] LogUtils - Click element By.xpath: //button[normalize-space()='Continue']
[INFO] 26-11-2024 16:00:44 [main] LogUtils - Click element By.xpath: //h4[normalize-space()='Forgotten password?']
[INFO] 26-11-2024 16:00:46 [main] LogUtils - Click element By.xpath: //button[normalize-space()='Cancel']
[INFO] 26-11-2024 16:00:46 [main] LogUtils - Check Element Exist: true --- By.xpath: //div[@class='modal-dialog modal-lg']
[INFO] 04-12-2024 09:45:09 [main] LogUtils - Loaded all properties file.
[INFO] 04-12-2024 09:45:14 [main] LogUtils - Driver in TestContext: ChromeDriver: chrome on windows (04a2f4e665b1724c646f88a479dc6e22)
[INFO] 04-12-2024 09:45:14 [main] LogUtils - Loaded all properties file.
[INFO] 04-12-2024 09:45:14 [main] LogUtils - Loaded all properties file.
[INFO] 04-12-2024 09:45:20 [main] LogUtils - Open URL: https://demo.safetrust.com/#/login
[INFO] 04-12-2024 09:45:20 [main] LogUtils - Check Element Exist: true --- By.xpath: //h4[@class='text-left login-title-text']
[INFO] 04-12-2024 09:45:21 [main] LogUtils - Get text: Log in to manage identities
[INFO] 04-12-2024 09:45:22 [main] LogUtils - Set text: mbiz.vincent@gmail.com on element By.xpath: //input[@id='login-username']
[INFO] 04-12-2024 09:45:24 [main] LogUtils - Click element By.xpath: //button[normalize-space()='Continue']
[INFO] 04-12-2024 09:45:25 [main] LogUtils - Set text: Dothevu270783! on element By.xpath: //input[@id='login-password']
[INFO] 04-12-2024 09:45:28 [main] LogUtils - Click element By.xpath: //button[@id='btn-login ']
[INFO] 04-12-2024 09:45:30 [main] LogUtils - Check Element Exist: true --- By.xpath: //p[contains(text(), 'Welcome to Safetrust')]
[INFO] 04-12-2024 09:45:34 [main] LogUtils - Loaded all properties file.
[INFO] 04-12-2024 09:45:35 [main] LogUtils - Driver in TestContext: ChromeDriver: chrome on windows (2512dfa10f72cfc6632ee5917f5ad461)
[INFO] 04-12-2024 09:45:38 [main] LogUtils - Open URL: https://demo.safetrust.com/#/login
[INFO] 04-12-2024 09:45:39 [main] LogUtils - Check Element Exist: true --- By.xpath: //h4[@class='text-left login-title-text']
[INFO] 04-12-2024 09:45:40 [main] LogUtils - Get text: Log in to manage identities
[INFO] 04-12-2024 09:45:41 [main] LogUtils - Set text: mbiz.vincent22@gmail.com on element By.xpath: //input[@id='login-username']
[INFO] 04-12-2024 09:45:42 [main] LogUtils - Click element By.xpath: //button[normalize-space()='Continue']
[INFO] 04-12-2024 09:45:44 [main] LogUtils - Set text: Dothevu270783 on element By.xpath: //input[@id='login-password']
[INFO] 04-12-2024 09:45:46 [main] LogUtils - Click element By.xpath: //button[@id='btn-login ']
[INFO] 04-12-2024 09:45:47 [main] LogUtils - Check Element Exist: true --- By.xpath: //div[@role='alert']
[INFO] 04-12-2024 09:45:48 [main] LogUtils - Get text: x
S0001629E: The account could not be found or the password did not match. Please try again.
[INFO] 04-12-2024 09:45:51 [main] LogUtils - Loaded all properties file.
[INFO] 04-12-2024 09:45:52 [main] LogUtils - Driver in TestContext: ChromeDriver: chrome on windows (0034bd9266d792ffd1f8fd56e6ffe6e1)
[INFO] 04-12-2024 09:45:56 [main] LogUtils - Open URL: https://demo.safetrust.com/#/login
[INFO] 04-12-2024 09:45:56 [main] LogUtils - Check Element Exist: true --- By.xpath: //h4[@class='text-left login-title-text']
[INFO] 04-12-2024 09:45:57 [main] LogUtils - Get text: Log in to manage identities
[INFO] 04-12-2024 09:45:59 [main] LogUtils - Set text: mbiz.vincent11@gmail.com on element By.xpath: //input[@id='login-username']
[INFO] 04-12-2024 09:46:00 [main] LogUtils - Click element By.xpath: //button[normalize-space()='Continue']
[INFO] 04-12-2024 09:46:01 [main] LogUtils - Set text: Dothevu270783! on element By.xpath: //input[@id='login-password']
[INFO] 04-12-2024 09:46:03 [main] LogUtils - Click element By.xpath: //button[@id='btn-login ']
[INFO] 04-12-2024 09:46:04 [main] LogUtils - Check Element Exist: true --- By.xpath: //div[@role='alert']
[INFO] 04-12-2024 09:46:06 [main] LogUtils - Get text: x
S0001629E: The account could not be found or the password did not match. Please try again.
[INFO] 04-12-2024 09:46:09 [main] LogUtils - Loaded all properties file.
[INFO] 04-12-2024 09:46:10 [main] LogUtils - Driver in TestContext: ChromeDriver: chrome on windows (35305cb461489f42c4e285223b2ed4d5)
[INFO] 04-12-2024 09:46:18 [main] LogUtils - Open URL: https://demo.safetrust.com/#/login
[INFO] 04-12-2024 09:46:18 [main] LogUtils - Check Element Exist: true --- By.xpath: //h4[@class='text-left login-title-text']
[INFO] 04-12-2024 09:46:19 [main] LogUtils - Get text: Log in to manage identities
[INFO] 04-12-2024 09:46:21 [main] LogUtils - Set text: mbiz.vincent1@gmail.com on element By.xpath: //input[@id='login-username']
[INFO] 04-12-2024 09:46:22 [main] LogUtils - Click element By.xpath: //button[normalize-space()='Continue']
[INFO] 04-12-2024 09:46:24 [main] LogUtils - Set text: lllllllllllllllllllllllllllllllllllllllllllllllllllllllllllllllllllllllllllllllllllllllllllllllllllllllllllllllllllllllllllll on element By.xpath: //input[@id='login-password']
[INFO] 04-12-2024 09:46:26 [main] LogUtils - Click element By.xpath: //button[@id='btn-login ']
[INFO] 04-12-2024 09:46:27 [main] LogUtils - Check Element Exist: true --- By.xpath: //div[@role='alert']
[INFO] 04-12-2024 09:46:28 [main] LogUtils - Get text: x
S0001629E: The account could not be found or the password did not match. Please try again.
[INFO] 04-12-2024 09:46:31 [main] LogUtils - Loaded all properties file.
[INFO] 04-12-2024 09:46:32 [main] LogUtils - Driver in TestContext: ChromeDriver: chrome on windows (81cc07bea86330ddb9610f08c6f55cbc)
[INFO] 04-12-2024 09:46:40 [main] LogUtils - Open URL: https://demo.safetrust.com/#/login
[INFO] 04-12-2024 09:46:40 [main] LogUtils - Check Element Exist: true --- By.xpath: //h4[@class='text-left login-title-text']
[INFO] 04-12-2024 09:46:41 [main] LogUtils - Get text: Log in to manage identities
[INFO] 04-12-2024 09:46:42 [main] LogUtils - Set text: mbiz.vincent1@gmail.com on element By.xpath: //input[@id='login-username']
[INFO] 04-12-2024 09:46:43 [main] LogUtils - Click element By.xpath: //button[normalize-space()='Continue']
[INFO] 04-12-2024 09:46:45 [main] LogUtils - Set text: NULL on element By.xpath: //input[@id='login-password']
[INFO] 04-12-2024 09:46:47 [main] LogUtils - Click element By.xpath: //button[@id='btn-login ']
[INFO] 04-12-2024 09:46:49 [main] LogUtils - Check Element Exist: true --- By.xpath: //div[@role='alert']
[INFO] 04-12-2024 09:46:50 [main] LogUtils - Get text: x
S0001629E: The account could not be found or the password did not match. Please try again.
[INFO] 04-12-2024 09:46:53 [main] LogUtils - Loaded all properties file.
[INFO] 04-12-2024 09:46:54 [main] LogUtils - Driver in TestContext: ChromeDriver: chrome on windows (366dcfcad8baab12b680728cdacd76e0)
[INFO] 04-12-2024 09:46:58 [main] LogUtils - Open URL: https://demo.safetrust.com/#/login
[INFO] 04-12-2024 09:46:58 [main] LogUtils - Check Element Exist: true --- By.xpath: //h4[@class='text-left login-title-text']
[INFO] 04-12-2024 09:46:59 [main] LogUtils - Get text: Log in to manage identities
[INFO] 04-12-2024 09:47:00 [main] LogUtils - Set text: mbiz.vincent1@gmail.com on element By.xpath: //input[@id='login-username']
[INFO] 04-12-2024 09:47:02 [main] LogUtils - Click element By.xpath: //button[normalize-space()='Continue']
[INFO] 04-12-2024 09:47:03 [main] LogUtils - Set text: " or ""=" on element By.xpath: //input[@id='login-password']
[INFO] 04-12-2024 09:47:05 [main] LogUtils - Click element By.xpath: //button[@id='btn-login ']
[INFO] 04-12-2024 09:47:06 [main] LogUtils - Check Element Exist: true --- By.xpath: //div[@role='alert']
[INFO] 04-12-2024 09:47:07 [main] LogUtils - Get text: x
S0001629E: The account could not be found or the password did not match. Please try again.
[INFO] 04-12-2024 09:47:11 [main] LogUtils - Loaded all properties file.
[INFO] 04-12-2024 09:47:11 [main] LogUtils - Driver in TestContext: ChromeDriver: chrome on windows (f9ee631c1eea2b5375d5f62d0e7b4d7f)
[INFO] 04-12-2024 09:47:17 [main] LogUtils - Open URL: https://demo.safetrust.com/#/login
[INFO] 04-12-2024 09:47:17 [main] LogUtils - Check Element Exist: true --- By.xpath: //h4[@class='text-left login-title-text']
[INFO] 04-12-2024 09:47:18 [main] LogUtils - Get text: Log in to manage identities
[INFO] 04-12-2024 09:47:19 [main] LogUtils - Set text: mbiz.vincent1@gmail.com on element By.xpath: //input[@id='login-username']
[INFO] 04-12-2024 09:47:20 [main] LogUtils - Click element By.xpath: //button[normalize-space()='Continue']
[INFO] 04-12-2024 09:47:22 [main] LogUtils - Set text: Dothevu270783!; DROP TABLE Suppliers on element By.xpath: //input[@id='login-password']
[INFO] 04-12-2024 09:47:24 [main] LogUtils - Click element By.xpath: //button[@id='btn-login ']
[INFO] 04-12-2024 09:47:25 [main] LogUtils - Check Element Exist: true --- By.xpath: //div[@role='alert']
[INFO] 04-12-2024 09:47:26 [main] LogUtils - Get text: x
S0001629E: The account could not be found or the password did not match. Please try again.
[INFO] 04-12-2024 09:47:29 [main] LogUtils - Loaded all properties file.
[INFO] 04-12-2024 09:47:30 [main] LogUtils - Driver in TestContext: ChromeDriver: chrome on windows (e14a50cedc969282349fea6d1ed04827)
[INFO] 04-12-2024 09:47:34 [main] LogUtils - Open URL: https://demo.safetrust.com/#/login
[INFO] 04-12-2024 09:47:34 [main] LogUtils - Check Element Exist: true --- By.xpath: //h4[@class='text-left login-title-text']
[INFO] 04-12-2024 09:47:36 [main] LogUtils - Get text: Log in to manage identities
[INFO] 04-12-2024 09:47:37 [main] LogUtils - Set text: rivev84988@merotx.com on element By.xpath: //input[@id='login-username']
[INFO] 04-12-2024 09:47:38 [main] LogUtils - Click element By.xpath: //button[normalize-space()='Continue']
[INFO] 04-12-2024 09:47:40 [main] LogUtils - Set text: Dothevu270783 on element By.xpath: //input[@id='login-password']
[INFO] 04-12-2024 09:47:42 [main] LogUtils - Click element By.xpath: //button[@id='btn-login ']
[INFO] 04-12-2024 09:47:44 [main] LogUtils - Get text: S0001675E: The account could not be found or password did not match. Please try again.
[INFO] 04-12-2024 09:47:48 [main] LogUtils - Click element By.xpath: //button[@id='btn-login ']
[INFO] 04-12-2024 09:47:50 [main] LogUtils - Get text: S0001675E: The account could not be found or password did not match. Please try again.
[INFO] 04-12-2024 09:47:55 [main] LogUtils - Click element By.xpath: //button[@id='btn-login ']
[INFO] 04-12-2024 09:47:57 [main] LogUtils - Get text: S0001675E: The account could not be found or password did not match. Please try again.
[INFO] 04-12-2024 09:48:01 [main] LogUtils - Click element By.xpath: //button[@id='btn-login ']
[INFO] 04-12-2024 09:48:03 [main] LogUtils - Get text: S0001675E: The account could not be found or password did not match. Please try again.
[INFO] 04-12-2024 09:48:08 [main] LogUtils - Click element By.xpath: //button[@id='btn-login ']
[INFO] 04-12-2024 09:48:10 [main] LogUtils - Get text: S0001675E: The account could not be found or password did not match. Please try again.
[INFO] 04-12-2024 09:48:14 [main] LogUtils - Click element By.xpath: //button[@id='btn-login ']
[INFO] 04-12-2024 09:48:15 [main] LogUtils - Check Element Exist: true --- By.xpath: //span[@data-notify='message']
[INFO] 04-12-2024 09:48:17 [main] LogUtils - Get text: S0001651E: Login blocked
[INFO] 04-12-2024 09:48:20 [main] LogUtils - Loaded all properties file.
[INFO] 04-12-2024 09:48:21 [main] LogUtils - Driver in TestContext: ChromeDriver: chrome on windows (f359e98d95052bc84df91e7ac2646881)
[INFO] 04-12-2024 09:48:29 [main] LogUtils - Open URL: https://demo.safetrust.com/#/login
[INFO] 04-12-2024 09:48:29 [main] LogUtils - Check Element Exist: true --- By.xpath: //h4[@class='text-left login-title-text']
[INFO] 04-12-2024 09:48:30 [main] LogUtils - Get text: Log in to manage identities
[INFO] 04-12-2024 09:48:31 [main] LogUtils - Set text: mbiz.vincent@gmail.com on element By.xpath: //input[@id='login-username']
[INFO] 04-12-2024 09:48:32 [main] LogUtils - Click element By.xpath: //button[normalize-space()='Continue']
[INFO] 04-12-2024 09:48:34 [main] LogUtils - Click element By.xpath: //h4[normalize-space()='Forgotten password?']
[INFO] 04-12-2024 09:48:35 [main] LogUtils - Click element By.xpath: //button[@name='CONFIRM_OK']
[INFO] 04-12-2024 09:48:36 [main] LogUtils - Check Element Exist: true --- By.xpath: //span[@data-notify='message']
[INFO] 04-12-2024 09:48:37 [main] LogUtils - Get text: We received your Reset Password Request and just sent you a confirmation email.
[INFO] 04-12-2024 09:48:40 [main] LogUtils - Loaded all properties file.
[INFO] 04-12-2024 09:48:41 [main] LogUtils - Driver in TestContext: ChromeDriver: chrome on windows (e1fb29cecb285e95106248d1af324ab4)
[INFO] 04-12-2024 09:48:49 [main] LogUtils - Open URL: https://demo.safetrust.com/#/login
[INFO] 04-12-2024 09:48:49 [main] LogUtils - Check Element Exist: true --- By.xpath: //h4[@class='text-left login-title-text']
[INFO] 04-12-2024 09:48:50 [main] LogUtils - Get text: Log in to manage identities
[INFO] 04-12-2024 09:48:51 [main] LogUtils - Set text: mbiz.vincent@gmail.com on element By.xpath: //input[@id='login-username']
[INFO] 04-12-2024 09:48:52 [main] LogUtils - Click element By.xpath: //button[normalize-space()='Continue']
[INFO] 04-12-2024 09:48:54 [main] LogUtils - Click element By.xpath: //h4[normalize-space()='Forgotten password?']
[INFO] 04-12-2024 09:48:55 [main] LogUtils - Click element By.xpath: //button[normalize-space()='Cancel']
[INFO] 04-12-2024 09:48:55 [main] LogUtils - Check Element Exist: true --- By.xpath: //div[@class='modal-dialog modal-lg']
[INFO] 04-12-2024 10:12:26 [main] LogUtils - Loaded all properties file.
[INFO] 04-12-2024 10:12:29 [main] LogUtils - Driver in TestContext: ChromeDriver: chrome on windows (7a9681dc019b0419dd66d909baf5d5d1)
[INFO] 04-12-2024 10:12:29 [main] LogUtils - Loaded all properties file.
[INFO] 04-12-2024 10:12:29 [main] LogUtils - Loaded all properties file.
[INFO] 04-12-2024 10:12:33 [main] LogUtils - Open URL: https://demo.safetrust.com/#/login
[INFO] 04-12-2024 10:12:33 [main] LogUtils - Check Element Exist: true --- By.xpath: //h4[@class='text-left login-title-text']
[INFO] 04-12-2024 10:12:34 [main] LogUtils - Get text: Log in to manage identities
[INFO] 04-12-2024 10:12:35 [main] LogUtils - Set text: mbiz.vincent@gmail.com on element By.xpath: //input[@id='login-username']
[INFO] 04-12-2024 10:12:36 [main] LogUtils - Click element By.xpath: //button[normalize-space()='Continue']
[INFO] 04-12-2024 10:12:38 [main] LogUtils - Set text: Dothevu270783! on element By.xpath: //input[@id='login-password']
[INFO] 04-12-2024 10:12:40 [main] LogUtils - Click element By.xpath: //button[@id='btn-login ']
[INFO] 04-12-2024 10:12:43 [main] LogUtils - Check Element Exist: true --- By.xpath: //p[contains(text(), 'Welcome to Safetrust')]
[INFO] 04-12-2024 10:14:55 [main] LogUtils - Loaded all properties file.
[INFO] 04-12-2024 10:14:57 [main] LogUtils - Driver in TestContext: ChromeDriver: chrome on windows (edae37e76f18ad5e075ad0be0ae79a8b)
[INFO] 04-12-2024 10:14:57 [main] LogUtils - Loaded all properties file.
[INFO] 04-12-2024 10:14:57 [main] LogUtils - Loaded all properties file.
[INFO] 04-12-2024 10:15:06 [main] LogUtils - Open URL: https://demo.safetrust.com/#/login
[INFO] 04-12-2024 10:15:06 [main] LogUtils - Check Element Exist: true --- By.xpath: //h4[@class='text-left login-title-text']
[INFO] 04-12-2024 10:15:08 [main] LogUtils - Get text: Log in to manage identities
[INFO] 04-12-2024 10:15:09 [main] LogUtils - Set text: mbiz.vincent@gmail.com on element By.xpath: //input[@id='login-username']
[INFO] 04-12-2024 10:15:10 [main] LogUtils - Click element By.xpath: //button[normalize-space()='Continue']
[INFO] 04-12-2024 10:15:12 [main] LogUtils - Set text: Dothevu270783! on element By.xpath: //input[@id='login-password']
[INFO] 04-12-2024 10:15:14 [main] LogUtils - Click element By.xpath: //button[@id='btn-login ']
[INFO] 04-12-2024 10:15:16 [main] LogUtils - Check Element Exist: true --- By.xpath: //p[contains(text(), 'Welcome to Safetrust')]
[INFO] 04-12-2024 10:32:52 [main] LogUtils - Loaded all properties file.
[INFO] 04-12-2024 10:32:58 [main] LogUtils - Driver in TestContext: ChromeDriver: chrome on windows (9172c53fa190550d0be347d8d29e501c)
[INFO] 04-12-2024 10:32:58 [main] LogUtils - Loaded all properties file.
[INFO] 04-12-2024 10:32:58 [main] LogUtils - Loaded all properties file.
[INFO] 04-12-2024 10:33:02 [main] LogUtils - Open URL: https://demo.safetrust.com/#/login
[INFO] 04-12-2024 10:33:02 [main] LogUtils - Check Element Exist: true --- By.xpath: //h4[@class='text-left login-title-text']
[INFO] 04-12-2024 10:33:03 [main] LogUtils - Get text: Log in to manage identities
[INFO] 04-12-2024 10:33:05 [main] LogUtils - Set text: mbiz.vincent@gmail.com on element By.xpath: //input[@id='login-username']
[INFO] 04-12-2024 10:33:06 [main] LogUtils - Click element By.xpath: //button[normalize-space()='Continue']
[INFO] 04-12-2024 10:33:08 [main] LogUtils - Set text: Dothevu270783! on element By.xpath: //input[@id='login-password']
[INFO] 04-12-2024 10:33:10 [main] LogUtils - Click element By.xpath: //button[@id='btn-login ']
[INFO] 04-12-2024 10:33:14 [main] LogUtils - Check Element Exist: true --- By.xpath: //p[contains(text(), 'Welcome to Safetrust')]
